C:\Users\Présentation\.jdks\corretto-11.0.18\bin\java.exe -Dmaven.multiModuleProjectDirectory=S:\Work\ae\Epita\workspaces\2022f-adv-java-programming\mob-programming -Djansi.passthrough=true "-Dmaven.home=C:\Program Files\JetBrains\IntelliJ IDEA 2023.1\plugins\maven\lib\maven3" "-Dclassworlds.conf=C:\Program Files\JetBrains\IntelliJ IDEA 2023.1\plugins\maven\lib\maven3\bin\m2.conf" "-Dmaven.ext.class.path=C:\Program Files\JetBrains\IntelliJ IDEA 2023.1\plugins\maven\lib\maven-event-listener.jar" "-javaagent:C:\Program Files\JetBrains\IntelliJ IDEA 2023.1\lib\idea_rt.jar=52645:C:\Program Files\JetBrains\IntelliJ IDEA 2023.1\bin" -Dfile.encoding=UTF-8 -classpath "C:\Program Files\JetBrains\IntelliJ IDEA 2023.1\plugins\maven\lib\maven3\boot\plexus-classworlds-2.6.0.jar;C:\Program Files\JetBrains\IntelliJ IDEA 2023.1\plugins\maven\lib\maven3\boot\plexus-classworlds.license" org.codehaus.classworlds.Launcher -Didea.version=2023.1 install
[INFO] Scanning for projects...
[INFO]
[INFO] --------------------< org.example:mob-programming >---------------------
[INFO] Building mob-programming 1.0-SNAPSHOT
[INFO] --------------------------------[ jar ]---------------------------------
[INFO]
[INFO] --- maven-resources-plugin:2.6:resources (default-resources) @ mob-programming ---
[INFO] Using 'UTF-8' encoding to copy filtered resources.
[INFO] Copying 0 resource
[INFO]
[INFO] --- maven-compiler-plugin:3.1:compile (default-compile) @ mob-programming ---
[INFO] Nothing to compile - all classes are up to date
[INFO]
[INFO] --- maven-resources-plugin:2.6:testResources (default-testResources) @ mob-programming ---
[INFO] Using 'UTF-8' encoding to copy filtered resources.
[INFO] Copying 1 resource
[INFO]
[INFO] --- maven-compiler-plugin:3.1:testCompile (default-testCompile) @ mob-programming ---
[INFO] Changes detected - recompiling the module!
[INFO] Compiling 1 source file to S:\Work\ae\Epita\workspaces\2022f-adv-java-programming\mob-programming\target\test-classes
[INFO]
[INFO] --- maven-surefire-plugin:2.12.4:test (default-test) @ mob-programming ---
[INFO] Surefire report directory: S:\Work\ae\Epita\workspaces\2022f-adv-java-programming\mob-programming\target\surefire-reports

-------------------------------------------------------
 T E S T S
-------------------------------------------------------
Running fr.epita.tbr.services.test.TestPassengerCsvReader
Tests run: 1, Failures: 0, Errors: 0, Skipped: 0, Time elapsed: 0.001 sec

Results :

Tests run: 1, Failures: 0, Errors: 0, Skipped: 0

[INFO]
[INFO] --- maven-jar-plugin:2.4:jar (default-jar) @ mob-programming ---
[INFO] Building jar: S:\Work\ae\Epita\workspaces\2022f-adv-java-programming\mob-programming\target\mob-programming-1.0-SNAPSHOT.jar
[INFO]
[INFO] --- maven-install-plugin:2.4:install (default-install) @ mob-programming ---
[INFO] Installing S:\Work\ae\Epita\workspaces\2022f-adv-java-programming\mob-programming\target\mob-programming-1.0-SNAPSHOT.jar to C:\Users\Présentation\.m2\repository\org\example\mob-programming\1.0-SNAPSHOT\mob-programming-1.0-SNAPSHOT.jar
[INFO] Installing S:\Work\ae\Epita\workspaces\2022f-adv-java-programming\mob-programming\pom.xml to C:\Users\Présentation\.m2\repository\org\example\mob-programming\1.0-SNAPSHOT\mob-programming-1.0-SNAPSHOT.pom
[INFO] ------------------------------------------------------------------------
[INFO] BUILD SUCCESS
[INFO] ------------------------------------------------------------------------
[INFO] Total time:  4.929 s
[INFO] Finished at: 2023-06-02T15:42:00+02:00
[INFO] ------------------------------------------------------------------------

Process finished with exit code 0
